Start testing: Sep 24 14:37 MSK
----------------------------------------------------------
Unable to find executable: ./CaveProjectTests
1/1 Testing: CaveProjectTests
1/1 Test: CaveProjectTests
Command: ""
Directory: /home/semakiller/Рабочий стол/Projects/BMSTU/MazeProject1/project_on_raw_c/src
"CaveProjectTests" start time: 
Output:
----------------------------------------------------------
<end of output>
Test time =   0.00 sec
----------------------------------------------------------
Test Passed.
"CaveProjectTests" end time: Sep 24 14:37 MSK
"CaveProjectTests" time elapsed: 00:00:00
----------------------------------------------------------

End testing: Sep 24 14:37 MSK
