Start testing: Sep 24 15:17 MSK
----------------------------------------------------------
Unable to find executable: ./Maze_Cave_Project_tests
1/1 Testing: Maze_Cave_Project_tests
1/1 Test: Maze_Cave_Project_tests
Command: ""
Directory: /home/semakiller/Рабочий стол/Projects/BMSTU/MazeProject1/project_on_cpp/build
"Maze_Cave_Project_tests" start time: 
Output:
----------------------------------------------------------
<end of output>
Test time =   0.00 sec
----------------------------------------------------------
Test Passed.
"Maze_Cave_Project_tests" end time: Sep 24 15:17 MSK
"Maze_Cave_Project_tests" time elapsed: 00:00:00
----------------------------------------------------------

End testing: Sep 24 15:17 MSK
