<?xml version="1.0" encoding="UTF-8"?>
<Site BuildName="Linux-g++"
	BuildStamp="20240923-1237-Experimental"
	Name="semakiller-Nitro-AN515-45"
	Generator="ctest-3.22.1"
	CompilerName="/usr/bin/g++"
	CompilerVersion="11.4.0"
	OSName="Linux"
	Hostname="semakiller-Nitro-AN515-45"
	OSRelease="6.8.0-40-generic"
	OSVersion="#40~22.04.3-Ubuntu SMP PREEMPT_DYNAMIC Tue Jul 30 17:30:19 UTC 2"
	OSPlatform="x86_64"
	Is64Bits="1"
	VendorString="AuthenticAMD"
	VendorID="Advanced Micro Devices"
	FamilyID="25"
	ModelID="80"
	ProcessorCacheSize="512"
	NumberOfLogicalCPU="12"
	NumberOfPhysicalCPU="6"
	TotalVirtualMemory="2047"
	TotalPhysicalMemory="7285"
	LogicalProcessorsPerPhysical="2"
	ProcessorClockFrequency="3981.41"
	>
	<Testing>
		<StartDateTime>Sep 23 19:27 MSK</StartDateTime>
		<StartTestTime>1727108821</StartTestTime>
		<TestList/>
		<EndDateTime>Sep 23 19:27 MSK</EndDateTime>
		<EndTestTime>1727108821</EndTestTime>
		<ElapsedMinutes>0</ElapsedMinutes>
	</Testing>
</Site>
