<?xml version="1.0" encoding="UTF-8"?>
<Site BuildName="Linux-g++"
	BuildStamp="20240924-1042-Experimental"
	Name="semakiller-Nitro-AN515-45"
	Generator="ctest-3.22.1"
	CompilerName="/usr/bin/g++"
	CompilerVersion="11.4.0"
	OSName="Linux"
	Hostname="semakiller-Nitro-AN515-45"
	OSRelease="6.8.0-45-generic"
	OSVersion="#45~22.04.1-Ubuntu SMP PREEMPT_DYNAMIC Wed Sep 11 15:25:05 UTC 2"
	OSPlatform="x86_64"
	Is64Bits="1"
	VendorString="AuthenticAMD"
	VendorID="Advanced Micro Devices"
	FamilyID="25"
	ModelID="80"
	ProcessorCacheSize="512"
	NumberOfLogicalCPU="12"
	NumberOfPhysicalCPU="6"
	TotalVirtualMemory="2047"
	TotalPhysicalMemory="7285"
	LogicalProcessorsPerPhysical="2"
	ProcessorClockFrequency="4167.01"
	>
	<Testing>
		<StartDateTime>Sep 24 13:42 MSK</StartDateTime>
		<StartTestTime>1727174540</StartTestTime>
		<TestList/>
		<EndDateTime>Sep 24 13:42 MSK</EndDateTime>
		<EndTestTime>1727174540</EndTestTime>
		<ElapsedMinutes>0</ElapsedMinutes>
	</Testing>
</Site>
